<?xml version="1.0" encoding="UTF-8"?>
<!-- Generated by org.testng.reporters.JUnitXMLReporter -->
<testsuite ignored="0" hostname="Mohammad" failures="1" tests="14" name="TutorialsNinja Tests" time="83.454" errors="0" timestamp="2023-12-17T13:44:06 EST">
  <testcase classname="com.tutorialsNinjaQA.testcases.LoginTest" name="verifyLoginWithValidCredentials" time="1.095"/>
  <testcase classname="com.tutorialsNinjaQA.testcases.LoginTest" name="verifyLoginWithValidCredentials" time="1.303"/>
  <testcase classname="com.tutorialsNinjaQA.testcases.LoginTest" name="verifyLoginWithValidCredentials" time="1.776"/>
  <testcase classname="com.tutorialsNinjaQA.testcases.LoginTest" name="verifyLoginWithInvalidCredentials" time="0.848"/>
  <testcase classname="com.tutorialsNinjaQA.testcases.LoginTest" name="verifyingWithInvalidEmailAndValidPassword" time="0.815"/>
  <testcase classname="com.tutorialsNinjaQA.testcases.LoginTest" name="verifyingLoginWithValidEmailAndInvalidPassword" time="0.816"/>
  <testcase classname="com.tutorialsNinjaQA.testcases.LoginTest" name="verifyingLoginWithoutProvidingCredentials" time="0.561"/>
  <testcase classname="com.tutorialsNinjaQA.testcases.SearchTest" name="verifyingSearchWithValidProduct" time="0.817"/>
  <testcase classname="com.tutorialsNinjaQA.testcases.SearchTest" name="verifyingSearchWithInvalidProduct" time="0.657"/>
  <testcase classname="com.tutorialsNinjaQA.testcases.SearchTest" name="verifyingSearchWithoutAnyProduct" time="0.512"/>
  <testcase classname="com.tutorialsNinjaQA.testcases.RegisterTest" name="verifyRegisteringAccountWithMandatoryField" time="1.587"/>
  <testcase classname="com.tutorialsNinjaQA.testcases.RegisterTest" name="verifyRegisteringAccountByProvidingAllFields" time="1.692"/>
  <testcase classname="com.tutorialsNinjaQA.testcases.RegisterTest" name="verifyingRegisteringAccountWithExistingEmailAddress" time="1.083"/>
  <testcase classname="com.tutorialsNinjaQA.testcases.RegisterTest" name="verifyRegisteringAccountWithoutFillingAnyDetails" time="0.679">
    <failure type="java.lang.AssertionError" message="expected [true] but found [false]">
      <![CDATA[java.lang.AssertionError: expected [true] but found [false]
at com.tutorialsNinjaQA.testcases.RegisterTest.verifyRegisteringAccountWithoutFillingAnyDetails(RegisterTest.java:70)
at java.base/java.util.ArrayList.forEach(ArrayList.java:1511)
... Removed 31 stack frames]]>
    </failure>
  </testcase> <!-- verifyRegisteringAccountWithoutFillingAnyDetails -->
</testsuite> <!-- TutorialsNinja Tests -->
